-------------------------------------------------------------------------------
Test set: bioprint.ModuloCalculadora.HuellaCarbonoTest
-------------------------------------------------------------------------------
Tests run: 7, Failures: 1, Errors: 0, Skipped: 0, Time elapsed: 0.172 s <<< FAILURE! -- in bioprint.ModuloCalculadora.HuellaCarbonoTest
bioprint.ModuloCalculadora.HuellaCarbonoTest.testEnergiaEntradasNegativas -- Time elapsed: 0.063 s <<< FAILURE!
org.opentest4j.AssertionFailedError: El cálculo de CO₂ no debe ser negativo, incluso si las entradas lo son. ==> expected: <true> but was: <false>
	at org.junit.jupiter.api.AssertionFailureBuilder.build(AssertionFailureBuilder.java:151)
	at org.junit.jupiter.api.AssertionFailureBuilder.buildAndThrow(AssertionFailureBuilder.java:132)
	at org.junit.jupiter.api.AssertTrue.failNotTrue(AssertTrue.java:63)
	at org.junit.jupiter.api.AssertTrue.assertTrue(AssertTrue.java:36)
	at org.junit.jupiter.api.Assertions.assertTrue(Assertions.java:214)
	at bioprint.ModuloCalculadora.HuellaCarbonoTest.testEnergiaEntradasNegativas(HuellaCarbonoTest.java:118)
	at java.base/java.lang.reflect.Method.invoke(Method.java:568)
	at java.base/java.util.ArrayList.forEach(ArrayList.java:1511)
	at java.base/java.util.ArrayList.forEach(ArrayList.java:1511)

