<?xml version="1.0" encoding="UTF-8"?>
<testsuite xmlns:xsi="http://www.w3.org/2001/XMLSchema-instance" xsi:noNamespaceSchemaLocation="https://maven.apache.org/surefire/maven-surefire-plugin/xsd/surefire-test-report-3.0.xsd" version="3.0" name="bioprint.ModuloCalculadora.HuellaCarbonoTest" time="0.172" tests="7" errors="0" skipped="0" failures="1">
  <properties>
[...]
</properties>
  <testcase name="testEnergiaEntradasNegativas" classname="bioprint.ModuloCalculadora.HuellaCarbonoTest" time="0.063">
    <failure message="El cálculo de CO₂ no debe ser negativo, incluso si las entradas lo son. ==&gt; expected: &lt;true&gt; but was: &lt;false&gt;" type="org.opentest4j.AssertionFailedError"><![CDATA[org.opentest4j.AssertionFailedError: El cálculo de CO₂ no debe ser negativo, incluso si las entradas lo son. ==> expected: <true> but was: <false>
	at org.junit.jupiter.api.AssertionFailureBuilder.build(AssertionFailureBuilder.java:151)
	at org.junit.jupiter.api.AssertionFailureBuilder.buildAndThrow(AssertionFailureBuilder.java:132)
	at org.junit.jupiter.api.AssertTrue.failNotTrue(AssertTrue.java:63)
	at org.junit.jupiter.api.AssertTrue.assertTrue(AssertTrue.java:36)
	at org.junit.jupiter.api.Assertions.assertTrue(Assertions.java:214)
	at bioprint.ModuloCalculadora.HuellaCarbonoTest.testEnergiaEntradasNegativas(HuellaCarbonoTest.java:118)
	at java.base/java.lang.reflect.Method.invoke(Method.java:568)
	at java.base/java.util.ArrayList.forEach(ArrayList.java:1511)
	at java.base/java.util.ArrayList.forEach(ArrayList.java:1511)
]]></failure>
    <system-out><![CDATA[ [testEnergiaEntradasNegativas]
   Entradas negativas (-50, -10, -5) | CO₂ obtenido: -49.75
]]></system-out>
  </testcase>
  <testcase name="testArbolesAdapterMostrar" classname="bioprint.ModuloCalculadora.HuellaCarbonoTest" time="0.018">
    <system-out><![CDATA[ [testArbolesAdapterMostrar]
   Entrada CO₂: 1000.0 | Resultado:  Equivale a plantar 50 árboles.
]]></system-out>
  </testcase>
  <testcase name="testSingletonCalculadoraHuella" classname="bioprint.ModuloCalculadora.HuellaCarbonoTest" time="0.002">
    <system-out><![CDATA[ [testSingletonCalculadoraHuella]
   Instancia 1 hash: 1007412025
   Instancia 2 hash: 1007412025
]]></system-out>
  </testcase>
  <testcase name="testCalcularTotalGrupoFuentes" classname="bioprint.ModuloCalculadora.HuellaCarbonoTest" time="0.013">
    <system-out><![CDATA[ [testCalcularTotalGrupoFuentes]
   Total por grupo: 1050.0
   Total por calculadora: 1050.0
]]></system-out>
  </testcase>
  <testcase name="testCalcularCO2Energia" classname="bioprint.ModuloCalculadora.HuellaCarbonoTest" time="0.004">
    <system-out><![CDATA[ [testCalcularCO2Energia]
   Esperado: 168.5 | Obtenido: 168.5
]]></system-out>
  </testcase>
  <testcase name="testEstrategiaCarroCalculo" classname="bioprint.ModuloCalculadora.HuellaCarbonoTest" time="0.004">
    <system-out><![CDATA[ [testEstrategiaCarroCalculo]
   Esperado: 21.0 | Obtenido: 21.0
]]></system-out>
  </testcase>
  <testcase name="testEstrategiaCarroBordeKmCero" classname="bioprint.ModuloCalculadora.HuellaCarbonoTest" time="0.002">
    <system-out><![CDATA[ [testEstrategiaCarroBordeKmCero]
   Entrada: 0 km | Resultado: 0.0
]]></system-out>
  </testcase>
</testsuite>